32 ==>
Trace line 1: 32
- 7 * - 8 + - 7 - - 2 ==>
Trace line 2: 51
"hei" ==>
Trace line 3: 'hei'
"hei" * 6 ==>
Trace line 4: 'heiheiheiheiheihei'
"hei" + " på deg" ==>
Trace line 5: 'hei på deg'
"hei" == "hei" ==>
Trace line 7: True
"hei" != "hei" ==>
Trace line 8: False
"a" > "c" ==>
Trace line 9: False
"a" < "c" ==>
Trace line 10: True
"a" <= "a" ==>
Trace line 11: True
[] ==>
Trace line 13: []
[1, 2, 3] ==>
Trace line 14: [1, 2, 3]
["a", "b"] * 2 ==>
Trace line 15: ['a', 'b', 'a', 'b']
[4, "Ja", True] ==>
Trace line 16: [4, 'Ja', True]
True ==>
Trace line 17: True
[1, 0, 9][0] ==>
Trace line 18: 1
{"A":"a", "B":1 + 2} ==>
Trace line 20: {'A': 'a', 'B': 3}
{"Ja":1, "Nei":2} ==>
Trace line 21: {'Nei': 2, 'Ja': 1}
{"Ja":1, "Nei":2}["Ja"] ==>
Trace line 23: 1
{"Ja":1, "Nei":2}["Kanskje"] ==>
Asp runtime error on line 24: Dictionary key 'Kanskje' undefined!
